<?xml version="1.0" encoding="UTF-8"?>
<!-- Generated by org.testng.reporters.JUnitReportReporter -->
<testsuite hostname="Hello-69" failures="0" tests="1" name="TestCase.DropdownTest" time="11.816" errors="0" timestamp="2023-08-31T18:16:54 IST" skipped="0">
  <testcase classname="TestCase.DropdownTest" name="testdropDown" time="11.816"/>
  <system-out/>
</testsuite> <!-- TestCase.DropdownTest -->
