<?xml version="1.0" encoding="UTF-8"?>
<!-- Generated by org.testng.reporters.JUnitReportReporter -->
<testsuite hostname="Hello-69" failures="0" tests="1" name="TestCase.ModalTest" time="7.574" errors="0" timestamp="2023-08-31T15:59:21 IST" skipped="0">
  <testcase classname="TestCase.ModalTest" name="modaltest" time="7.574"/>
  <system-out/>
</testsuite> <!-- TestCase.ModalTest -->
