<?xml version="1.0" encoding="UTF-8"?>
<!-- Generated by org.testng.reporters.JUnitReportReporter -->
<testsuite hostname="Hello-69" failures="0" tests="1" name="TestCase.PageScrollTest" time="11.358" errors="0" timestamp="2023-08-31T22:58:33 IST" skipped="0">
  <testcase classname="TestCase.PageScrollTest" name="scrolltest" time="11.358"/>
  <system-out/>
</testsuite> <!-- TestCase.PageScrollTest -->
