<?xml version="1.0" encoding="UTF-8"?>
<!-- Generated by org.testng.reporters.JUnitReportReporter -->
<testsuite hostname="Hello-69" failures="0" tests="1" name="TestCase.ButtonsTest" time="10.964" errors="0" timestamp="2023-08-29T17:58:38 IST" skipped="0">
  <testcase classname="TestCase.ButtonsTest" name="Buttons" time="10.964"/>
  <system-out/>
</testsuite> <!-- TestCase.ButtonsTest -->
