<?xml version="1.0" encoding="UTF-8"?>
<!-- Generated by org.testng.reporters.JUnitReportReporter -->
<testsuite hostname="Hello-69" failures="0" tests="1" name="TestCase.AutoCompleteTest" time="14.653" errors="0" timestamp="2023-08-30T21:51:53 IST" skipped="0">
  <testcase classname="TestCase.AutoCompleteTest" name="Autocomplete" time="14.653"/>
  <system-out/>
</testsuite> <!-- TestCase.AutoCompleteTest -->
