<?xml version="1.0" encoding="UTF-8"?>
<!-- Generated by org.testng.reporters.JUnitReportReporter -->
<testsuite hostname="Hello-69" failures="0" tests="1" name="TestCase.CheckboxTest" time="4.892" errors="0" timestamp="2023-08-30T21:51:53 IST" skipped="0">
  <testcase classname="TestCase.CheckboxTest" name="Checkbox" time="4.892"/>
  <system-out/>
</testsuite> <!-- TestCase.CheckboxTest -->
