<?xml version="1.0" encoding="UTF-8"?>
<!-- Generated by org.testng.reporters.JUnitReportReporter -->
<testsuite hostname="Hello-69" failures="0" tests="1" name="TestCase.CheckboxTest" time="6.496" errors="0" timestamp="2023-08-29T20:45:29 IST" skipped="0">
  <testcase classname="TestCase.CheckboxTest" name="Checkbox" time="6.496"/>
  <system-out/>
</testsuite> <!-- TestCase.CheckboxTest -->
