<?xml version="1.0" encoding="UTF-8"?>
<!-- Generated by org.testng.reporters.JUnitReportReporter -->
<testsuite hostname="Hello-69" failures="0" tests="1" name="TestCase.AutoCompleteTest" time="13.500" errors="0" timestamp="2023-08-29T12:30:51 IST" skipped="0">
  <testcase classname="TestCase.AutoCompleteTest" name="Autocomplete" time="13.500"/>
  <system-out/>
</testsuite> <!-- TestCase.AutoCompleteTest -->
